22/08/18 14:16:35 WARN util.package: Truncated the string representation of a plan since it was too large. This behavior can be adjusted by setting 'spark.sql.debug.maxToStringFields'.
22/08/18 14:16:42 WARN executor.ProcfsMetricsGetter: Exception when trying to compute pagesize, as a result reporting of ProcessTree metrics is stopped
22/08/18 14:21:53 WARN fyodiya.Day18Logging: This is a warning.
22/08/18 14:21:53 ERROR fyodiya.Day18Logging: This is an error!
22/08/18 14:42:20 WARN util.package: Truncated the string representation of a plan since it was too large. This behavior can be adjusted by setting 'spark.sql.debug.maxToStringFields'.
22/08/18 14:42:30 WARN executor.ProcfsMetricsGetter: Exception when trying to compute pagesize, as a result reporting of ProcessTree metrics is stopped
22/08/18 15:08:30 WARN util.package: Truncated the string representation of a plan since it was too large. This behavior can be adjusted by setting 'spark.sql.debug.maxToStringFields'.
22/08/18 20:02:55 WARN util.package: Truncated the string representation of a plan since it was too large. This behavior can be adjusted by setting 'spark.sql.debug.maxToStringFields'.
22/08/18 20:40:49 WARN executor.ProcfsMetricsGetter: Exception when trying to compute pagesize, as a result reporting of ProcessTree metrics is stopped
22/08/18 20:42:38 WARN executor.ProcfsMetricsGetter: Exception when trying to compute pagesize, as a result reporting of ProcessTree metrics is stopped
22/08/18 20:43:24 WARN executor.ProcfsMetricsGetter: Exception when trying to compute pagesize, as a result reporting of ProcessTree metrics is stopped
22/08/18 20:48:40 WARN executor.ProcfsMetricsGetter: Exception when trying to compute pagesize, as a result reporting of ProcessTree metrics is stopped
22/08/18 20:48:43 WARN zlib.ZlibFactory: Failed to load/initialize native-zlib library
22/08/18 20:52:59 WARN zlib.ZlibFactory: Failed to load/initialize native-zlib library
22/08/18 20:54:01 WARN executor.ProcfsMetricsGetter: Exception when trying to compute pagesize, as a result reporting of ProcessTree metrics is stopped
22/08/18 20:54:03 WARN zlib.ZlibFactory: Failed to load/initialize native-zlib library
22/08/18 20:54:36 WARN zlib.ZlibFactory: Failed to load/initialize native-zlib library
22/08/18 20:56:28 WARN zlib.ZlibFactory: Failed to load/initialize native-zlib library
22/08/18 21:07:23 WARN executor.ProcfsMetricsGetter: Exception when trying to compute pagesize, as a result reporting of ProcessTree metrics is stopped
22/08/18 21:07:29 WARN zlib.ZlibFactory: Failed to load/initialize native-zlib library
22/08/18 21:08:13 WARN executor.ProcfsMetricsGetter: Exception when trying to compute pagesize, as a result reporting of ProcessTree metrics is stopped
22/08/18 21:08:18 WARN zlib.ZlibFactory: Failed to load/initialize native-zlib library
22/08/18 21:10:04 WARN zlib.ZlibFactory: Failed to load/initialize native-zlib library
22/08/18 21:10:04 WARN executor.ProcfsMetricsGetter: Exception when trying to compute pagesize, as a result reporting of ProcessTree metrics is stopped
22/08/18 21:12:12 WARN zlib.ZlibFactory: Failed to load/initialize native-zlib library
22/08/18 21:13:23 WARN executor.ProcfsMetricsGetter: Exception when trying to compute pagesize, as a result reporting of ProcessTree metrics is stopped
22/08/18 21:13:26 WARN zlib.ZlibFactory: Failed to load/initialize native-zlib library
22/08/18 21:14:53 WARN zlib.ZlibFactory: Failed to load/initialize native-zlib library
22/08/18 21:16:33 WARN zlib.ZlibFactory: Failed to load/initialize native-zlib library
22/08/18 21:38:43 WARN executor.ProcfsMetricsGetter: Exception when trying to compute pagesize, as a result reporting of ProcessTree metrics is stopped
22/08/18 21:38:48 WARN zlib.ZlibFactory: Failed to load/initialize native-zlib library
22/08/18 21:41:32 WARN executor.ProcfsMetricsGetter: Exception when trying to compute pagesize, as a result reporting of ProcessTree metrics is stopped
22/08/18 21:41:36 WARN zlib.ZlibFactory: Failed to load/initialize native-zlib library
22/08/18 21:42:50 WARN executor.ProcfsMetricsGetter: Exception when trying to compute pagesize, as a result reporting of ProcessTree metrics is stopped
22/08/18 21:42:51 WARN zlib.ZlibFactory: Failed to load/initialize native-zlib library
22/08/18 21:43:58 WARN executor.ProcfsMetricsGetter: Exception when trying to compute pagesize, as a result reporting of ProcessTree metrics is stopped
22/08/18 21:43:59 WARN zlib.ZlibFactory: Failed to load/initialize native-zlib library
22/08/18 21:51:29 WARN executor.ProcfsMetricsGetter: Exception when trying to compute pagesize, as a result reporting of ProcessTree metrics is stopped
22/08/18 21:51:34 WARN zlib.ZlibFactory: Failed to load/initialize native-zlib library
22/08/18 21:52:36 WARN executor.ProcfsMetricsGetter: Exception when trying to compute pagesize, as a result reporting of ProcessTree metrics is stopped
22/08/18 21:52:38 WARN zlib.ZlibFactory: Failed to load/initialize native-zlib library
22/08/18 21:59:08 WARN executor.ProcfsMetricsGetter: Exception when trying to compute pagesize, as a result reporting of ProcessTree metrics is stopped
22/08/18 21:59:12 WARN zlib.ZlibFactory: Failed to load/initialize native-zlib library
22/08/18 22:02:52 WARN executor.ProcfsMetricsGetter: Exception when trying to compute pagesize, as a result reporting of ProcessTree metrics is stopped
22/08/18 22:02:54 WARN zlib.ZlibFactory: Failed to load/initialize native-zlib library
22/08/19 11:01:03 WARN executor.ProcfsMetricsGetter: Exception when trying to compute pagesize, as a result reporting of ProcessTree metrics is stopped
22/08/19 11:54:48 WARN executor.ProcfsMetricsGetter: Exception when trying to compute pagesize, as a result reporting of ProcessTree metrics is stopped
22/08/19 12:06:43 WARN executor.ProcfsMetricsGetter: Exception when trying to compute pagesize, as a result reporting of ProcessTree metrics is stopped
22/08/19 13:01:05 WARN executor.ProcfsMetricsGetter: Exception when trying to compute pagesize, as a result reporting of ProcessTree metrics is stopped
22/08/20 21:39:36 WARN executor.ProcfsMetricsGetter: Exception when trying to compute pagesize, as a result reporting of ProcessTree metrics is stopped
22/08/20 21:57:52 WARN executor.ProcfsMetricsGetter: Exception when trying to compute pagesize, as a result reporting of ProcessTree metrics is stopped
22/08/20 22:01:18 WARN executor.ProcfsMetricsGetter: Exception when trying to compute pagesize, as a result reporting of ProcessTree metrics is stopped
22/08/20 22:52:33 WARN executor.ProcfsMetricsGetter: Exception when trying to compute pagesize, as a result reporting of ProcessTree metrics is stopped
22/08/22 19:36:14 WARN executor.ProcfsMetricsGetter: Exception when trying to compute pagesize, as a result reporting of ProcessTree metrics is stopped
22/08/22 19:38:54 WARN executor.ProcfsMetricsGetter: Exception when trying to compute pagesize, as a result reporting of ProcessTree metrics is stopped
22/08/22 19:40:40 WARN zlib.ZlibFactory: Failed to load/initialize native-zlib library
22/08/22 19:45:58 WARN executor.ProcfsMetricsGetter: Exception when trying to compute pagesize, as a result reporting of ProcessTree metrics is stopped
22/08/22 19:47:41 WARN zlib.ZlibFactory: Failed to load/initialize native-zlib library
22/08/22 20:35:10 WARN executor.ProcfsMetricsGetter: Exception when trying to compute pagesize, as a result reporting of ProcessTree metrics is stopped
22/08/22 20:36:19 WARN executor.ProcfsMetricsGetter: Exception when trying to compute pagesize, as a result reporting of ProcessTree metrics is stopped
22/08/22 20:45:54 WARN executor.ProcfsMetricsGetter: Exception when trying to compute pagesize, as a result reporting of ProcessTree metrics is stopped
22/08/22 20:49:10 WARN executor.ProcfsMetricsGetter: Exception when trying to compute pagesize, as a result reporting of ProcessTree metrics is stopped
22/08/22 20:50:49 WARN executor.ProcfsMetricsGetter: Exception when trying to compute pagesize, as a result reporting of ProcessTree metrics is stopped
22/08/22 21:19:25 WARN executor.ProcfsMetricsGetter: Exception when trying to compute pagesize, as a result reporting of ProcessTree metrics is stopped
22/08/22 21:23:00 WARN executor.ProcfsMetricsGetter: Exception when trying to compute pagesize, as a result reporting of ProcessTree metrics is stopped
22/08/22 21:33:21 WARN executor.ProcfsMetricsGetter: Exception when trying to compute pagesize, as a result reporting of ProcessTree metrics is stopped
22/08/22 21:33:50 WARN component.AbstractLifeCycle: FAILED ServerConnector@55f3c410{HTTP/1.1, (http/1.1)}{0.0.0.0:4040}: java.io.IOException: Failed to bind to /0.0.0.0:4040
java.io.IOException: Failed to bind to /0.0.0.0:4040
	at org.sparkproject.jetty.server.ServerConnector.openAcceptChannel(ServerConnector.java:349)
	at org.sparkproject.jetty.server.ServerConnector.open(ServerConnector.java:310)
	at org.sparkproject.jetty.server.AbstractNetworkConnector.doStart(AbstractNetworkConnector.java:80)
	at org.sparkproject.jetty.server.ServerConnector.doStart(ServerConnector.java:234)
	at org.sparkproject.jetty.util.component.AbstractLifeCycle.start(AbstractLifeCycle.java:73)
	at org.apache.spark.ui.JettyUtils$.newConnector$1(JettyUtils.scala:303)
	at org.apache.spark.ui.JettyUtils$.httpConnect$1(JettyUtils.scala:334)
	at org.apache.spark.ui.JettyUtils$.$anonfun$startJettyServer$5(JettyUtils.scala:337)
	at org.apache.spark.ui.JettyUtils$.$anonfun$startJettyServer$5$adapted(JettyUtils.scala:337)
	at org.apache.spark.util.Utils$.$anonfun$startServiceOnPort$2(Utils.scala:2383)
	at scala.collection.immutable.Range.foreach$mVc$sp(Range.scala:190)
	at org.apache.spark.util.Utils$.startServiceOnPort(Utils.scala:2375)
	at org.apache.spark.ui.JettyUtils$.startJettyServer(JettyUtils.scala:338)
	at org.apache.spark.ui.WebUI.bind(WebUI.scala:147)
	at org.apache.spark.SparkContext.$anonfun$new$11(SparkContext.scala:488)
	at org.apache.spark.SparkContext.$anonfun$new$11$adapted(SparkContext.scala:488)
	at scala.Option.foreach(Option.scala:437)
	at org.apache.spark.SparkContext.<init>(SparkContext.scala:488)
	at org.apache.spark.SparkContext$.getOrCreate(SparkContext.scala:2690)
	at org.apache.spark.sql.SparkSession$Builder.$anonfun$getOrCreate$2(SparkSession.scala:949)
	at scala.Option.getOrElse(Option.scala:201)
	at org.apache.spark.sql.SparkSession$Builder.getOrCreate(SparkSession.scala:943)
	at com.github.fyodiya.SparkUtilities$.getOrCreateSpark(SparkUtilities.scala:19)
	at com.github.fyodiya.Day34ContinuousFeatures$.delayedEndpoint$com$github$fyodiya$Day34ContinuousFeatures$1(Day34ContinuousFeatures.scala:9)
	at com.github.fyodiya.Day34ContinuousFeatures$delayedInit$body.apply(Day34ContinuousFeatures.scala:6)
	at scala.Function0.apply$mcV$sp(Function0.scala:39)
	at scala.Function0.apply$mcV$sp$(Function0.scala:39)
	at scala.runtime.AbstractFunction0.apply$mcV$sp(AbstractFunction0.scala:17)
	at scala.App.$anonfun$main$1(App.scala:76)
	at scala.App.$anonfun$main$1$adapted(App.scala:76)
	at scala.collection.IterableOnceOps.foreach(IterableOnce.scala:563)
	at scala.collection.IterableOnceOps.foreach$(IterableOnce.scala:561)
	at scala.collection.AbstractIterable.foreach(Iterable.scala:926)
	at scala.App.main(App.scala:76)
	at scala.App.main$(App.scala:74)
	at com.github.fyodiya.Day34ContinuousFeatures$.main(Day34ContinuousFeatures.scala:6)
	at com.github.fyodiya.Day34ContinuousFeatures.main(Day34ContinuousFeatures.scala)
Caused by: java.net.BindException: Address already in use: bind
	at sun.nio.ch.Net.bind0(Native Method)
	at sun.nio.ch.Net.bind(Net.java:461)
	at sun.nio.ch.Net.bind(Net.java:453)
	at sun.nio.ch.ServerSocketChannelImpl.bind(ServerSocketChannelImpl.java:222)
	at sun.nio.ch.ServerSocketAdaptor.bind(ServerSocketAdaptor.java:85)
	at org.sparkproject.jetty.server.ServerConnector.openAcceptChannel(ServerConnector.java:344)
	... 36 more
22/08/22 21:33:50 WARN util.Utils: Service 'SparkUI' could not bind on port 4040. Attempting port 4041.
22/08/22 21:34:05 WARN executor.ProcfsMetricsGetter: Exception when trying to compute pagesize, as a result reporting of ProcessTree metrics is stopped
22/08/22 21:37:54 WARN zlib.ZlibFactory: Failed to load/initialize native-zlib library
22/08/22 21:37:58 WARN netlib.InstanceBuilder$NativeBLAS: Failed to load implementation from:dev.ludovic.netlib.blas.JNIBLAS
22/08/22 21:37:58 WARN netlib.InstanceBuilder$NativeBLAS: Failed to load implementation from:dev.ludovic.netlib.blas.ForeignLinkerBLAS
22/08/22 21:38:01 WARN netlib.LAPACK: Failed to load implementation from: com.github.fommil.netlib.NativeSystemLAPACK
22/08/22 21:38:01 WARN netlib.LAPACK: Failed to load implementation from: com.github.fommil.netlib.NativeRefLAPACK
22/08/22 21:42:59 WARN executor.ProcfsMetricsGetter: Exception when trying to compute pagesize, as a result reporting of ProcessTree metrics is stopped
22/08/22 21:46:27 WARN zlib.ZlibFactory: Failed to load/initialize native-zlib library
22/08/22 21:46:29 WARN netlib.InstanceBuilder$NativeBLAS: Failed to load implementation from:dev.ludovic.netlib.blas.JNIBLAS
22/08/22 21:46:29 WARN netlib.InstanceBuilder$NativeBLAS: Failed to load implementation from:dev.ludovic.netlib.blas.ForeignLinkerBLAS
22/08/22 21:46:32 WARN netlib.LAPACK: Failed to load implementation from: com.github.fommil.netlib.NativeSystemLAPACK
22/08/22 21:46:32 WARN netlib.LAPACK: Failed to load implementation from: com.github.fommil.netlib.NativeRefLAPACK
22/08/22 21:50:04 WARN executor.ProcfsMetricsGetter: Exception when trying to compute pagesize, as a result reporting of ProcessTree metrics is stopped
22/08/22 21:53:08 WARN zlib.ZlibFactory: Failed to load/initialize native-zlib library
22/08/22 21:53:16 WARN netlib.InstanceBuilder$NativeBLAS: Failed to load implementation from:dev.ludovic.netlib.blas.JNIBLAS
22/08/22 21:53:16 WARN netlib.InstanceBuilder$NativeBLAS: Failed to load implementation from:dev.ludovic.netlib.blas.ForeignLinkerBLAS
22/08/22 21:53:19 WARN netlib.LAPACK: Failed to load implementation from: com.github.fommil.netlib.NativeSystemLAPACK
22/08/22 21:53:19 WARN netlib.LAPACK: Failed to load implementation from: com.github.fommil.netlib.NativeRefLAPACK
22/08/22 21:54:29 WARN executor.ProcfsMetricsGetter: Exception when trying to compute pagesize, as a result reporting of ProcessTree metrics is stopped
22/08/22 21:57:16 WARN zlib.ZlibFactory: Failed to load/initialize native-zlib library
22/08/22 21:57:19 WARN netlib.InstanceBuilder$NativeBLAS: Failed to load implementation from:dev.ludovic.netlib.blas.JNIBLAS
22/08/22 21:57:19 WARN netlib.InstanceBuilder$NativeBLAS: Failed to load implementation from:dev.ludovic.netlib.blas.ForeignLinkerBLAS
22/08/22 21:57:22 WARN netlib.LAPACK: Failed to load implementation from: com.github.fommil.netlib.NativeSystemLAPACK
22/08/22 21:57:22 WARN netlib.LAPACK: Failed to load implementation from: com.github.fommil.netlib.NativeRefLAPACK
22/08/23 20:13:17 WARN zlib.ZlibFactory: Failed to load/initialize native-zlib library
22/08/23 20:15:40 WARN zlib.ZlibFactory: Failed to load/initialize native-zlib library
22/08/23 20:15:42 WARN netlib.InstanceBuilder$NativeBLAS: Failed to load implementation from:dev.ludovic.netlib.blas.JNIBLAS
22/08/23 20:15:42 WARN netlib.InstanceBuilder$NativeBLAS: Failed to load implementation from:dev.ludovic.netlib.blas.ForeignLinkerBLAS
22/08/23 20:17:02 WARN zlib.ZlibFactory: Failed to load/initialize native-zlib library
22/08/23 20:17:04 WARN netlib.InstanceBuilder$NativeBLAS: Failed to load implementation from:dev.ludovic.netlib.blas.JNIBLAS
22/08/23 20:17:04 WARN netlib.InstanceBuilder$NativeBLAS: Failed to load implementation from:dev.ludovic.netlib.blas.ForeignLinkerBLAS
22/08/23 20:17:48 WARN zlib.ZlibFactory: Failed to load/initialize native-zlib library
22/08/23 20:17:49 WARN netlib.InstanceBuilder$NativeBLAS: Failed to load implementation from:dev.ludovic.netlib.blas.JNIBLAS
22/08/23 20:17:49 WARN netlib.InstanceBuilder$NativeBLAS: Failed to load implementation from:dev.ludovic.netlib.blas.ForeignLinkerBLAS
22/08/23 20:19:10 WARN zlib.ZlibFactory: Failed to load/initialize native-zlib library
22/08/23 20:19:12 WARN netlib.InstanceBuilder$NativeBLAS: Failed to load implementation from:dev.ludovic.netlib.blas.JNIBLAS
22/08/23 20:19:12 WARN netlib.InstanceBuilder$NativeBLAS: Failed to load implementation from:dev.ludovic.netlib.blas.ForeignLinkerBLAS
22/08/23 20:24:30 WARN zlib.ZlibFactory: Failed to load/initialize native-zlib library
22/08/23 20:24:32 WARN netlib.InstanceBuilder$NativeBLAS: Failed to load implementation from:dev.ludovic.netlib.blas.JNIBLAS
22/08/23 20:24:32 WARN netlib.InstanceBuilder$NativeBLAS: Failed to load implementation from:dev.ludovic.netlib.blas.ForeignLinkerBLAS
22/08/23 20:28:15 WARN zlib.ZlibFactory: Failed to load/initialize native-zlib library
22/08/23 20:28:17 WARN netlib.InstanceBuilder$NativeBLAS: Failed to load implementation from:dev.ludovic.netlib.blas.JNIBLAS
22/08/23 20:28:17 WARN netlib.InstanceBuilder$NativeBLAS: Failed to load implementation from:dev.ludovic.netlib.blas.ForeignLinkerBLAS
22/08/23 20:41:18 WARN util.package: Truncated the string representation of a plan since it was too large. This behavior can be adjusted by setting 'spark.sql.debug.maxToStringFields'.
22/08/23 21:05:14 WARN util.package: Truncated the string representation of a plan since it was too large. This behavior can be adjusted by setting 'spark.sql.debug.maxToStringFields'.
22/08/23 21:05:21 WARN executor.ProcfsMetricsGetter: Exception when trying to compute pagesize, as a result reporting of ProcessTree metrics is stopped
22/08/23 21:05:22 WARN netlib.InstanceBuilder$NativeBLAS: Failed to load implementation from:dev.ludovic.netlib.blas.JNIBLAS
22/08/23 21:05:22 WARN netlib.InstanceBuilder$NativeBLAS: Failed to load implementation from:dev.ludovic.netlib.blas.ForeignLinkerBLAS
22/08/23 21:12:09 WARN util.package: Truncated the string representation of a plan since it was too large. This behavior can be adjusted by setting 'spark.sql.debug.maxToStringFields'.
22/08/23 21:12:14 WARN executor.ProcfsMetricsGetter: Exception when trying to compute pagesize, as a result reporting of ProcessTree metrics is stopped
22/08/23 21:12:15 WARN netlib.InstanceBuilder$NativeBLAS: Failed to load implementation from:dev.ludovic.netlib.blas.JNIBLAS
22/08/23 21:12:15 WARN netlib.InstanceBuilder$NativeBLAS: Failed to load implementation from:dev.ludovic.netlib.blas.ForeignLinkerBLAS
22/08/25 20:04:46 ERROR util.Instrumentation: org.apache.spark.sql.AnalysisException: Cannot resolve column name "8.699" among (0, 8.699); did you mean to quote the `8.699` column?
	at org.apache.spark.sql.errors.QueryCompilationErrors$.cannotResolveColumnNameAmongFieldsError(QueryCompilationErrors.scala:2262)
	at org.apache.spark.sql.Dataset.org$apache$spark$sql$Dataset$$resolveException(Dataset.scala:258)
	at org.apache.spark.sql.Dataset.$anonfun$resolve$1(Dataset.scala:250)
	at scala.Option.getOrElse(Option.scala:201)
	at org.apache.spark.sql.Dataset.resolve(Dataset.scala:250)
	at org.apache.spark.sql.Dataset.col(Dataset.scala:1352)
	at org.apache.spark.sql.Dataset.apply(Dataset.scala:1319)
	at org.apache.spark.ml.feature.VectorAssembler.$anonfun$transform$7(VectorAssembler.scala:147)
	at scala.collection.ArrayOps$.map$extension(ArrayOps.scala:929)
	at org.apache.spark.ml.feature.VectorAssembler.transform(VectorAssembler.scala:145)
	at org.apache.spark.ml.PipelineModel.$anonfun$transform$4(Pipeline.scala:311)
	at org.apache.spark.ml.MLEvents.withTransformEvent(events.scala:146)
	at org.apache.spark.ml.MLEvents.withTransformEvent$(events.scala:139)
	at org.apache.spark.ml.util.Instrumentation.withTransformEvent(Instrumentation.scala:42)
	at org.apache.spark.ml.PipelineModel.$anonfun$transform$3(Pipeline.scala:311)
	at scala.collection.ArrayOps$.foldLeft$extension(ArrayOps.scala:779)
	at org.apache.spark.ml.PipelineModel.$anonfun$transform$2(Pipeline.scala:310)
	at org.apache.spark.ml.MLEvents.withTransformEvent(events.scala:146)
	at org.apache.spark.ml.MLEvents.withTransformEvent$(events.scala:139)
	at org.apache.spark.ml.util.Instrumentation.withTransformEvent(Instrumentation.scala:42)
	at org.apache.spark.ml.PipelineModel.$anonfun$transform$1(Pipeline.scala:308)
	at org.apache.spark.ml.util.Instrumentation$.$anonfun$instrumented$1(Instrumentation.scala:191)
	at scala.util.Try$.apply(Try.scala:210)
	at org.apache.spark.ml.util.Instrumentation$.instrumented(Instrumentation.scala:191)
	at org.apache.spark.ml.PipelineModel.transform(Pipeline.scala:307)
	at org.apache.spark.ml.feature.RFormulaModel.transform(RFormula.scala:353)
	at com.github.fyodiya.Day35Regression$.delayedEndpoint$com$github$fyodiya$Day35Regression$1(Day35Regression.scala:36)
	at com.github.fyodiya.Day35Regression$delayedInit$body.apply(Day35Regression.scala:5)
	at scala.Function0.apply$mcV$sp(Function0.scala:39)
	at scala.Function0.apply$mcV$sp$(Function0.scala:39)
	at scala.runtime.AbstractFunction0.apply$mcV$sp(AbstractFunction0.scala:17)
	at scala.App.$anonfun$main$1(App.scala:76)
	at scala.App.$anonfun$main$1$adapted(App.scala:76)
	at scala.collection.IterableOnceOps.foreach(IterableOnce.scala:563)
	at scala.collection.IterableOnceOps.foreach$(IterableOnce.scala:561)
	at scala.collection.AbstractIterable.foreach(Iterable.scala:926)
	at scala.App.main(App.scala:76)
	at scala.App.main$(App.scala:74)
	at com.github.fyodiya.Day35Regression$.main(Day35Regression.scala:5)
	at com.github.fyodiya.Day35Regression.main(Day35Regression.scala)

22/08/25 20:07:44 ERROR util.Instrumentation: org.apache.spark.sql.AnalysisException: Cannot resolve column name "4.759" among (0, 4.759); did you mean to quote the `4.759` column?
	at org.apache.spark.sql.errors.QueryCompilationErrors$.cannotResolveColumnNameAmongFieldsError(QueryCompilationErrors.scala:2262)
	at org.apache.spark.sql.Dataset.org$apache$spark$sql$Dataset$$resolveException(Dataset.scala:258)
	at org.apache.spark.sql.Dataset.$anonfun$resolve$1(Dataset.scala:250)
	at scala.Option.getOrElse(Option.scala:201)
	at org.apache.spark.sql.Dataset.resolve(Dataset.scala:250)
	at org.apache.spark.sql.Dataset.col(Dataset.scala:1352)
	at org.apache.spark.sql.Dataset.apply(Dataset.scala:1319)
	at org.apache.spark.ml.feature.VectorAssembler.$anonfun$transform$7(VectorAssembler.scala:147)
	at scala.collection.ArrayOps$.map$extension(ArrayOps.scala:929)
	at org.apache.spark.ml.feature.VectorAssembler.transform(VectorAssembler.scala:145)
	at org.apache.spark.ml.PipelineModel.$anonfun$transform$4(Pipeline.scala:311)
	at org.apache.spark.ml.MLEvents.withTransformEvent(events.scala:146)
	at org.apache.spark.ml.MLEvents.withTransformEvent$(events.scala:139)
	at org.apache.spark.ml.util.Instrumentation.withTransformEvent(Instrumentation.scala:42)
	at org.apache.spark.ml.PipelineModel.$anonfun$transform$3(Pipeline.scala:311)
	at scala.collection.ArrayOps$.foldLeft$extension(ArrayOps.scala:779)
	at org.apache.spark.ml.PipelineModel.$anonfun$transform$2(Pipeline.scala:310)
	at org.apache.spark.ml.MLEvents.withTransformEvent(events.scala:146)
	at org.apache.spark.ml.MLEvents.withTransformEvent$(events.scala:139)
	at org.apache.spark.ml.util.Instrumentation.withTransformEvent(Instrumentation.scala:42)
	at org.apache.spark.ml.PipelineModel.$anonfun$transform$1(Pipeline.scala:308)
	at org.apache.spark.ml.util.Instrumentation$.$anonfun$instrumented$1(Instrumentation.scala:191)
	at scala.util.Try$.apply(Try.scala:210)
	at org.apache.spark.ml.util.Instrumentation$.instrumented(Instrumentation.scala:191)
	at org.apache.spark.ml.PipelineModel.transform(Pipeline.scala:307)
	at org.apache.spark.ml.feature.RFormulaModel.transform(RFormula.scala:353)
	at com.github.fyodiya.Day35Regression$.delayedEndpoint$com$github$fyodiya$Day35Regression$1(Day35Regression.scala:38)
	at com.github.fyodiya.Day35Regression$delayedInit$body.apply(Day35Regression.scala:5)
	at scala.Function0.apply$mcV$sp(Function0.scala:39)
	at scala.Function0.apply$mcV$sp$(Function0.scala:39)
	at scala.runtime.AbstractFunction0.apply$mcV$sp(AbstractFunction0.scala:17)
	at scala.App.$anonfun$main$1(App.scala:76)
	at scala.App.$anonfun$main$1$adapted(App.scala:76)
	at scala.collection.IterableOnceOps.foreach(IterableOnce.scala:563)
	at scala.collection.IterableOnceOps.foreach$(IterableOnce.scala:561)
	at scala.collection.AbstractIterable.foreach(Iterable.scala:926)
	at scala.App.main(App.scala:76)
	at scala.App.main$(App.scala:74)
	at com.github.fyodiya.Day35Regression$.main(Day35Regression.scala:5)
	at com.github.fyodiya.Day35Regression.main(Day35Regression.scala)

22/08/25 20:10:04 ERROR util.Instrumentation: org.apache.spark.sql.AnalysisException: Cannot resolve column name "5.035" among (0, 5.035); did you mean to quote the `5.035` column?
	at org.apache.spark.sql.errors.QueryCompilationErrors$.cannotResolveColumnNameAmongFieldsError(QueryCompilationErrors.scala:2262)
	at org.apache.spark.sql.Dataset.org$apache$spark$sql$Dataset$$resolveException(Dataset.scala:258)
	at org.apache.spark.sql.Dataset.$anonfun$resolve$1(Dataset.scala:250)
	at scala.Option.getOrElse(Option.scala:201)
	at org.apache.spark.sql.Dataset.resolve(Dataset.scala:250)
	at org.apache.spark.sql.Dataset.col(Dataset.scala:1352)
	at org.apache.spark.sql.Dataset.apply(Dataset.scala:1319)
	at org.apache.spark.ml.feature.VectorAssembler.$anonfun$transform$7(VectorAssembler.scala:147)
	at scala.collection.ArrayOps$.map$extension(ArrayOps.scala:929)
	at org.apache.spark.ml.feature.VectorAssembler.transform(VectorAssembler.scala:145)
	at org.apache.spark.ml.PipelineModel.$anonfun$transform$4(Pipeline.scala:311)
	at org.apache.spark.ml.MLEvents.withTransformEvent(events.scala:146)
	at org.apache.spark.ml.MLEvents.withTransformEvent$(events.scala:139)
	at org.apache.spark.ml.util.Instrumentation.withTransformEvent(Instrumentation.scala:42)
	at org.apache.spark.ml.PipelineModel.$anonfun$transform$3(Pipeline.scala:311)
	at scala.collection.ArrayOps$.foldLeft$extension(ArrayOps.scala:779)
	at org.apache.spark.ml.PipelineModel.$anonfun$transform$2(Pipeline.scala:310)
	at org.apache.spark.ml.MLEvents.withTransformEvent(events.scala:146)
	at org.apache.spark.ml.MLEvents.withTransformEvent$(events.scala:139)
	at org.apache.spark.ml.util.Instrumentation.withTransformEvent(Instrumentation.scala:42)
	at org.apache.spark.ml.PipelineModel.$anonfun$transform$1(Pipeline.scala:308)
	at org.apache.spark.ml.util.Instrumentation$.$anonfun$instrumented$1(Instrumentation.scala:191)
	at scala.util.Try$.apply(Try.scala:210)
	at org.apache.spark.ml.util.Instrumentation$.instrumented(Instrumentation.scala:191)
	at org.apache.spark.ml.PipelineModel.transform(Pipeline.scala:307)
	at org.apache.spark.ml.feature.RFormulaModel.transform(RFormula.scala:353)
	at com.github.fyodiya.Day35Regression$.delayedEndpoint$com$github$fyodiya$Day35Regression$1(Day35Regression.scala:39)
	at com.github.fyodiya.Day35Regression$delayedInit$body.apply(Day35Regression.scala:6)
	at scala.Function0.apply$mcV$sp(Function0.scala:39)
	at scala.Function0.apply$mcV$sp$(Function0.scala:39)
	at scala.runtime.AbstractFunction0.apply$mcV$sp(AbstractFunction0.scala:17)
	at scala.App.$anonfun$main$1(App.scala:76)
	at scala.App.$anonfun$main$1$adapted(App.scala:76)
	at scala.collection.IterableOnceOps.foreach(IterableOnce.scala:563)
	at scala.collection.IterableOnceOps.foreach$(IterableOnce.scala:561)
	at scala.collection.AbstractIterable.foreach(Iterable.scala:926)
	at scala.App.main(App.scala:76)
	at scala.App.main$(App.scala:74)
	at com.github.fyodiya.Day35Regression$.main(Day35Regression.scala:6)
	at com.github.fyodiya.Day35Regression.main(Day35Regression.scala)

22/08/25 20:11:19 ERROR util.Instrumentation: org.apache.spark.sql.AnalysisException: Cannot resolve column name "5.035" among (0, 5.035); did you mean to quote the `5.035` column?
	at org.apache.spark.sql.errors.QueryCompilationErrors$.cannotResolveColumnNameAmongFieldsError(QueryCompilationErrors.scala:2262)
	at org.apache.spark.sql.Dataset.org$apache$spark$sql$Dataset$$resolveException(Dataset.scala:258)
	at org.apache.spark.sql.Dataset.$anonfun$resolve$1(Dataset.scala:250)
	at scala.Option.getOrElse(Option.scala:201)
	at org.apache.spark.sql.Dataset.resolve(Dataset.scala:250)
	at org.apache.spark.sql.Dataset.col(Dataset.scala:1352)
	at org.apache.spark.sql.Dataset.apply(Dataset.scala:1319)
	at org.apache.spark.ml.feature.VectorAssembler.$anonfun$transform$7(VectorAssembler.scala:147)
	at scala.collection.ArrayOps$.map$extension(ArrayOps.scala:929)
	at org.apache.spark.ml.feature.VectorAssembler.transform(VectorAssembler.scala:145)
	at org.apache.spark.ml.PipelineModel.$anonfun$transform$4(Pipeline.scala:311)
	at org.apache.spark.ml.MLEvents.withTransformEvent(events.scala:146)
	at org.apache.spark.ml.MLEvents.withTransformEvent$(events.scala:139)
	at org.apache.spark.ml.util.Instrumentation.withTransformEvent(Instrumentation.scala:42)
	at org.apache.spark.ml.PipelineModel.$anonfun$transform$3(Pipeline.scala:311)
	at scala.collection.ArrayOps$.foldLeft$extension(ArrayOps.scala:779)
	at org.apache.spark.ml.PipelineModel.$anonfun$transform$2(Pipeline.scala:310)
	at org.apache.spark.ml.MLEvents.withTransformEvent(events.scala:146)
	at org.apache.spark.ml.MLEvents.withTransformEvent$(events.scala:139)
	at org.apache.spark.ml.util.Instrumentation.withTransformEvent(Instrumentation.scala:42)
	at org.apache.spark.ml.PipelineModel.$anonfun$transform$1(Pipeline.scala:308)
	at org.apache.spark.ml.util.Instrumentation$.$anonfun$instrumented$1(Instrumentation.scala:191)
	at scala.util.Try$.apply(Try.scala:210)
	at org.apache.spark.ml.util.Instrumentation$.instrumented(Instrumentation.scala:191)
	at org.apache.spark.ml.PipelineModel.transform(Pipeline.scala:307)
	at org.apache.spark.ml.feature.RFormulaModel.transform(RFormula.scala:353)
	at com.github.fyodiya.Day35Regression$.delayedEndpoint$com$github$fyodiya$Day35Regression$1(Day35Regression.scala:39)
	at com.github.fyodiya.Day35Regression$delayedInit$body.apply(Day35Regression.scala:6)
	at scala.Function0.apply$mcV$sp(Function0.scala:39)
	at scala.Function0.apply$mcV$sp$(Function0.scala:39)
	at scala.runtime.AbstractFunction0.apply$mcV$sp(AbstractFunction0.scala:17)
	at scala.App.$anonfun$main$1(App.scala:76)
	at scala.App.$anonfun$main$1$adapted(App.scala:76)
	at scala.collection.IterableOnceOps.foreach(IterableOnce.scala:563)
	at scala.collection.IterableOnceOps.foreach$(IterableOnce.scala:561)
	at scala.collection.AbstractIterable.foreach(Iterable.scala:926)
	at scala.App.main(App.scala:76)
	at scala.App.main$(App.scala:74)
	at com.github.fyodiya.Day35Regression$.main(Day35Regression.scala:6)
	at com.github.fyodiya.Day35Regression.main(Day35Regression.scala)

22/08/25 20:25:17 ERROR util.Instrumentation: org.apache.spark.sql.AnalysisException: Cannot resolve column name "5.484" among (0, 5.484); did you mean to quote the `5.484` column?
	at org.apache.spark.sql.errors.QueryCompilationErrors$.cannotResolveColumnNameAmongFieldsError(QueryCompilationErrors.scala:2262)
	at org.apache.spark.sql.Dataset.org$apache$spark$sql$Dataset$$resolveException(Dataset.scala:258)
	at org.apache.spark.sql.Dataset.$anonfun$resolve$1(Dataset.scala:250)
	at scala.Option.getOrElse(Option.scala:201)
	at org.apache.spark.sql.Dataset.resolve(Dataset.scala:250)
	at org.apache.spark.sql.Dataset.col(Dataset.scala:1352)
	at org.apache.spark.sql.Dataset.apply(Dataset.scala:1319)
	at org.apache.spark.ml.feature.VectorAssembler.$anonfun$transform$7(VectorAssembler.scala:147)
	at scala.collection.ArrayOps$.map$extension(ArrayOps.scala:929)
	at org.apache.spark.ml.feature.VectorAssembler.transform(VectorAssembler.scala:145)
	at org.apache.spark.ml.PipelineModel.$anonfun$transform$4(Pipeline.scala:311)
	at org.apache.spark.ml.MLEvents.withTransformEvent(events.scala:146)
	at org.apache.spark.ml.MLEvents.withTransformEvent$(events.scala:139)
	at org.apache.spark.ml.util.Instrumentation.withTransformEvent(Instrumentation.scala:42)
	at org.apache.spark.ml.PipelineModel.$anonfun$transform$3(Pipeline.scala:311)
	at scala.collection.ArrayOps$.foldLeft$extension(ArrayOps.scala:779)
	at org.apache.spark.ml.PipelineModel.$anonfun$transform$2(Pipeline.scala:310)
	at org.apache.spark.ml.MLEvents.withTransformEvent(events.scala:146)
	at org.apache.spark.ml.MLEvents.withTransformEvent$(events.scala:139)
	at org.apache.spark.ml.util.Instrumentation.withTransformEvent(Instrumentation.scala:42)
	at org.apache.spark.ml.PipelineModel.$anonfun$transform$1(Pipeline.scala:308)
	at org.apache.spark.ml.util.Instrumentation$.$anonfun$instrumented$1(Instrumentation.scala:191)
	at scala.util.Try$.apply(Try.scala:210)
	at org.apache.spark.ml.util.Instrumentation$.instrumented(Instrumentation.scala:191)
	at org.apache.spark.ml.PipelineModel.transform(Pipeline.scala:307)
	at org.apache.spark.ml.feature.RFormulaModel.transform(RFormula.scala:353)
	at com.github.fyodiya.Day35Regression$.delayedEndpoint$com$github$fyodiya$Day35Regression$1(Day35Regression.scala:41)
	at com.github.fyodiya.Day35Regression$delayedInit$body.apply(Day35Regression.scala:8)
	at scala.Function0.apply$mcV$sp(Function0.scala:39)
	at scala.Function0.apply$mcV$sp$(Function0.scala:39)
	at scala.runtime.AbstractFunction0.apply$mcV$sp(AbstractFunction0.scala:17)
	at scala.App.$anonfun$main$1(App.scala:76)
	at scala.App.$anonfun$main$1$adapted(App.scala:76)
	at scala.collection.IterableOnceOps.foreach(IterableOnce.scala:563)
	at scala.collection.IterableOnceOps.foreach$(IterableOnce.scala:561)
	at scala.collection.AbstractIterable.foreach(Iterable.scala:926)
	at scala.App.main(App.scala:76)
	at scala.App.main$(App.scala:74)
	at com.github.fyodiya.Day35Regression$.main(Day35Regression.scala:8)
	at com.github.fyodiya.Day35Regression.main(Day35Regression.scala)

22/08/25 20:25:34 ERROR util.Instrumentation: org.apache.spark.sql.AnalysisException: Cannot resolve column name "5.484" among (0, 5.484); did you mean to quote the `5.484` column?
	at org.apache.spark.sql.errors.QueryCompilationErrors$.cannotResolveColumnNameAmongFieldsError(QueryCompilationErrors.scala:2262)
	at org.apache.spark.sql.Dataset.org$apache$spark$sql$Dataset$$resolveException(Dataset.scala:258)
	at org.apache.spark.sql.Dataset.$anonfun$resolve$1(Dataset.scala:250)
	at scala.Option.getOrElse(Option.scala:201)
	at org.apache.spark.sql.Dataset.resolve(Dataset.scala:250)
	at org.apache.spark.sql.Dataset.col(Dataset.scala:1352)
	at org.apache.spark.sql.Dataset.apply(Dataset.scala:1319)
	at org.apache.spark.ml.feature.VectorAssembler.$anonfun$transform$7(VectorAssembler.scala:147)
	at scala.collection.ArrayOps$.map$extension(ArrayOps.scala:929)
	at org.apache.spark.ml.feature.VectorAssembler.transform(VectorAssembler.scala:145)
	at org.apache.spark.ml.PipelineModel.$anonfun$transform$4(Pipeline.scala:311)
	at org.apache.spark.ml.MLEvents.withTransformEvent(events.scala:146)
	at org.apache.spark.ml.MLEvents.withTransformEvent$(events.scala:139)
	at org.apache.spark.ml.util.Instrumentation.withTransformEvent(Instrumentation.scala:42)
	at org.apache.spark.ml.PipelineModel.$anonfun$transform$3(Pipeline.scala:311)
	at scala.collection.ArrayOps$.foldLeft$extension(ArrayOps.scala:779)
	at org.apache.spark.ml.PipelineModel.$anonfun$transform$2(Pipeline.scala:310)
	at org.apache.spark.ml.MLEvents.withTransformEvent(events.scala:146)
	at org.apache.spark.ml.MLEvents.withTransformEvent$(events.scala:139)
	at org.apache.spark.ml.util.Instrumentation.withTransformEvent(Instrumentation.scala:42)
	at org.apache.spark.ml.PipelineModel.$anonfun$transform$1(Pipeline.scala:308)
	at org.apache.spark.ml.util.Instrumentation$.$anonfun$instrumented$1(Instrumentation.scala:191)
	at scala.util.Try$.apply(Try.scala:210)
	at org.apache.spark.ml.util.Instrumentation$.instrumented(Instrumentation.scala:191)
	at org.apache.spark.ml.PipelineModel.transform(Pipeline.scala:307)
	at org.apache.spark.ml.feature.RFormulaModel.transform(RFormula.scala:353)
	at com.github.fyodiya.Day35Regression$.delayedEndpoint$com$github$fyodiya$Day35Regression$1(Day35Regression.scala:41)
	at com.github.fyodiya.Day35Regression$delayedInit$body.apply(Day35Regression.scala:8)
	at scala.Function0.apply$mcV$sp(Function0.scala:39)
	at scala.Function0.apply$mcV$sp$(Function0.scala:39)
	at scala.runtime.AbstractFunction0.apply$mcV$sp(AbstractFunction0.scala:17)
	at scala.App.$anonfun$main$1(App.scala:76)
	at scala.App.$anonfun$main$1$adapted(App.scala:76)
	at scala.collection.IterableOnceOps.foreach(IterableOnce.scala:563)
	at scala.collection.IterableOnceOps.foreach$(IterableOnce.scala:561)
	at scala.collection.AbstractIterable.foreach(Iterable.scala:926)
	at scala.App.main(App.scala:76)
	at scala.App.main$(App.scala:74)
	at com.github.fyodiya.Day35Regression$.main(Day35Regression.scala:8)
	at com.github.fyodiya.Day35Regression.main(Day35Regression.scala)

22/08/25 20:26:48 ERROR util.Instrumentation: org.apache.spark.sql.AnalysisException: Cannot resolve column name "5.484" among (0, 5.484); did you mean to quote the `5.484` column?
	at org.apache.spark.sql.errors.QueryCompilationErrors$.cannotResolveColumnNameAmongFieldsError(QueryCompilationErrors.scala:2262)
	at org.apache.spark.sql.Dataset.org$apache$spark$sql$Dataset$$resolveException(Dataset.scala:258)
	at org.apache.spark.sql.Dataset.$anonfun$resolve$1(Dataset.scala:250)
	at scala.Option.getOrElse(Option.scala:201)
	at org.apache.spark.sql.Dataset.resolve(Dataset.scala:250)
	at org.apache.spark.sql.Dataset.col(Dataset.scala:1352)
	at org.apache.spark.sql.Dataset.apply(Dataset.scala:1319)
	at org.apache.spark.ml.feature.VectorAssembler.$anonfun$transform$7(VectorAssembler.scala:147)
	at scala.collection.ArrayOps$.map$extension(ArrayOps.scala:929)
	at org.apache.spark.ml.feature.VectorAssembler.transform(VectorAssembler.scala:145)
	at org.apache.spark.ml.PipelineModel.$anonfun$transform$4(Pipeline.scala:311)
	at org.apache.spark.ml.MLEvents.withTransformEvent(events.scala:146)
	at org.apache.spark.ml.MLEvents.withTransformEvent$(events.scala:139)
	at org.apache.spark.ml.util.Instrumentation.withTransformEvent(Instrumentation.scala:42)
	at org.apache.spark.ml.PipelineModel.$anonfun$transform$3(Pipeline.scala:311)
	at scala.collection.ArrayOps$.foldLeft$extension(ArrayOps.scala:779)
	at org.apache.spark.ml.PipelineModel.$anonfun$transform$2(Pipeline.scala:310)
	at org.apache.spark.ml.MLEvents.withTransformEvent(events.scala:146)
	at org.apache.spark.ml.MLEvents.withTransformEvent$(events.scala:139)
	at org.apache.spark.ml.util.Instrumentation.withTransformEvent(Instrumentation.scala:42)
	at org.apache.spark.ml.PipelineModel.$anonfun$transform$1(Pipeline.scala:308)
	at org.apache.spark.ml.util.Instrumentation$.$anonfun$instrumented$1(Instrumentation.scala:191)
	at scala.util.Try$.apply(Try.scala:210)
	at org.apache.spark.ml.util.Instrumentation$.instrumented(Instrumentation.scala:191)
	at org.apache.spark.ml.PipelineModel.transform(Pipeline.scala:307)
	at org.apache.spark.ml.feature.RFormulaModel.transform(RFormula.scala:353)
	at com.github.fyodiya.Day35Regression$.delayedEndpoint$com$github$fyodiya$Day35Regression$1(Day35Regression.scala:40)
	at com.github.fyodiya.Day35Regression$delayedInit$body.apply(Day35Regression.scala:7)
	at scala.Function0.apply$mcV$sp(Function0.scala:39)
	at scala.Function0.apply$mcV$sp$(Function0.scala:39)
	at scala.runtime.AbstractFunction0.apply$mcV$sp(AbstractFunction0.scala:17)
	at scala.App.$anonfun$main$1(App.scala:76)
	at scala.App.$anonfun$main$1$adapted(App.scala:76)
	at scala.collection.IterableOnceOps.foreach(IterableOnce.scala:563)
	at scala.collection.IterableOnceOps.foreach$(IterableOnce.scala:561)
	at scala.collection.AbstractIterable.foreach(Iterable.scala:926)
	at scala.App.main(App.scala:76)
	at scala.App.main$(App.scala:74)
	at com.github.fyodiya.Day35Regression$.main(Day35Regression.scala:7)
	at com.github.fyodiya.Day35Regression.main(Day35Regression.scala)

22/08/25 20:30:24 ERROR util.Instrumentation: org.apache.spark.sql.AnalysisException: Cannot resolve column name "5.484" among (0, 5.484); did you mean to quote the `5.484` column?
	at org.apache.spark.sql.errors.QueryCompilationErrors$.cannotResolveColumnNameAmongFieldsError(QueryCompilationErrors.scala:2262)
	at org.apache.spark.sql.Dataset.org$apache$spark$sql$Dataset$$resolveException(Dataset.scala:258)
	at org.apache.spark.sql.Dataset.$anonfun$resolve$1(Dataset.scala:250)
	at scala.Option.getOrElse(Option.scala:201)
	at org.apache.spark.sql.Dataset.resolve(Dataset.scala:250)
	at org.apache.spark.sql.Dataset.col(Dataset.scala:1352)
	at org.apache.spark.sql.Dataset.apply(Dataset.scala:1319)
	at org.apache.spark.ml.feature.VectorAssembler.$anonfun$transform$7(VectorAssembler.scala:147)
	at scala.collection.ArrayOps$.map$extension(ArrayOps.scala:929)
	at org.apache.spark.ml.feature.VectorAssembler.transform(VectorAssembler.scala:145)
	at org.apache.spark.ml.PipelineModel.$anonfun$transform$4(Pipeline.scala:311)
	at org.apache.spark.ml.MLEvents.withTransformEvent(events.scala:146)
	at org.apache.spark.ml.MLEvents.withTransformEvent$(events.scala:139)
	at org.apache.spark.ml.util.Instrumentation.withTransformEvent(Instrumentation.scala:42)
	at org.apache.spark.ml.PipelineModel.$anonfun$transform$3(Pipeline.scala:311)
	at scala.collection.ArrayOps$.foldLeft$extension(ArrayOps.scala:779)
	at org.apache.spark.ml.PipelineModel.$anonfun$transform$2(Pipeline.scala:310)
	at org.apache.spark.ml.MLEvents.withTransformEvent(events.scala:146)
	at org.apache.spark.ml.MLEvents.withTransformEvent$(events.scala:139)
	at org.apache.spark.ml.util.Instrumentation.withTransformEvent(Instrumentation.scala:42)
	at org.apache.spark.ml.PipelineModel.$anonfun$transform$1(Pipeline.scala:308)
	at org.apache.spark.ml.util.Instrumentation$.$anonfun$instrumented$1(Instrumentation.scala:191)
	at scala.util.Try$.apply(Try.scala:210)
	at org.apache.spark.ml.util.Instrumentation$.instrumented(Instrumentation.scala:191)
	at org.apache.spark.ml.PipelineModel.transform(Pipeline.scala:307)
	at org.apache.spark.ml.feature.RFormulaModel.transform(RFormula.scala:353)
	at com.github.fyodiya.Day35Regression$.delayedEndpoint$com$github$fyodiya$Day35Regression$1(Day35Regression.scala:40)
	at com.github.fyodiya.Day35Regression$delayedInit$body.apply(Day35Regression.scala:7)
	at scala.Function0.apply$mcV$sp(Function0.scala:39)
	at scala.Function0.apply$mcV$sp$(Function0.scala:39)
	at scala.runtime.AbstractFunction0.apply$mcV$sp(AbstractFunction0.scala:17)
	at scala.App.$anonfun$main$1(App.scala:76)
	at scala.App.$anonfun$main$1$adapted(App.scala:76)
	at scala.collection.IterableOnceOps.foreach(IterableOnce.scala:563)
	at scala.collection.IterableOnceOps.foreach$(IterableOnce.scala:561)
	at scala.collection.AbstractIterable.foreach(Iterable.scala:926)
	at scala.App.main(App.scala:76)
	at scala.App.main$(App.scala:74)
	at com.github.fyodiya.Day35Regression$.main(Day35Regression.scala:7)
	at com.github.fyodiya.Day35Regression.main(Day35Regression.scala)

22/08/25 20:31:27 ERROR util.Instrumentation: org.apache.spark.sql.AnalysisException: Cannot resolve column name "5.484" among (0, 5.484); did you mean to quote the `5.484` column?
	at org.apache.spark.sql.errors.QueryCompilationErrors$.cannotResolveColumnNameAmongFieldsError(QueryCompilationErrors.scala:2262)
	at org.apache.spark.sql.Dataset.org$apache$spark$sql$Dataset$$resolveException(Dataset.scala:258)
	at org.apache.spark.sql.Dataset.$anonfun$resolve$1(Dataset.scala:250)
	at scala.Option.getOrElse(Option.scala:201)
	at org.apache.spark.sql.Dataset.resolve(Dataset.scala:250)
	at org.apache.spark.sql.Dataset.col(Dataset.scala:1352)
	at org.apache.spark.sql.Dataset.apply(Dataset.scala:1319)
	at org.apache.spark.ml.feature.VectorAssembler.$anonfun$transform$7(VectorAssembler.scala:147)
	at scala.collection.ArrayOps$.map$extension(ArrayOps.scala:929)
	at org.apache.spark.ml.feature.VectorAssembler.transform(VectorAssembler.scala:145)
	at org.apache.spark.ml.PipelineModel.$anonfun$transform$4(Pipeline.scala:311)
	at org.apache.spark.ml.MLEvents.withTransformEvent(events.scala:146)
	at org.apache.spark.ml.MLEvents.withTransformEvent$(events.scala:139)
	at org.apache.spark.ml.util.Instrumentation.withTransformEvent(Instrumentation.scala:42)
	at org.apache.spark.ml.PipelineModel.$anonfun$transform$3(Pipeline.scala:311)
	at scala.collection.ArrayOps$.foldLeft$extension(ArrayOps.scala:779)
	at org.apache.spark.ml.PipelineModel.$anonfun$transform$2(Pipeline.scala:310)
	at org.apache.spark.ml.MLEvents.withTransformEvent(events.scala:146)
	at org.apache.spark.ml.MLEvents.withTransformEvent$(events.scala:139)
	at org.apache.spark.ml.util.Instrumentation.withTransformEvent(Instrumentation.scala:42)
	at org.apache.spark.ml.PipelineModel.$anonfun$transform$1(Pipeline.scala:308)
	at org.apache.spark.ml.util.Instrumentation$.$anonfun$instrumented$1(Instrumentation.scala:191)
	at scala.util.Try$.apply(Try.scala:210)
	at org.apache.spark.ml.util.Instrumentation$.instrumented(Instrumentation.scala:191)
	at org.apache.spark.ml.PipelineModel.transform(Pipeline.scala:307)
	at org.apache.spark.ml.feature.RFormulaModel.transform(RFormula.scala:353)
	at com.github.fyodiya.Day35Regression$.delayedEndpoint$com$github$fyodiya$Day35Regression$1(Day35Regression.scala:67)
	at com.github.fyodiya.Day35Regression$delayedInit$body.apply(Day35Regression.scala:9)
	at scala.Function0.apply$mcV$sp(Function0.scala:39)
	at scala.Function0.apply$mcV$sp$(Function0.scala:39)
	at scala.runtime.AbstractFunction0.apply$mcV$sp(AbstractFunction0.scala:17)
	at scala.App.$anonfun$main$1(App.scala:76)
	at scala.App.$anonfun$main$1$adapted(App.scala:76)
	at scala.collection.IterableOnceOps.foreach(IterableOnce.scala:563)
	at scala.collection.IterableOnceOps.foreach$(IterableOnce.scala:561)
	at scala.collection.AbstractIterable.foreach(Iterable.scala:926)
	at scala.App.main(App.scala:76)
	at scala.App.main$(App.scala:74)
	at com.github.fyodiya.Day35Regression$.main(Day35Regression.scala:9)
	at com.github.fyodiya.Day35Regression.main(Day35Regression.scala)

22/08/25 20:36:59 ERROR util.Instrumentation: org.apache.spark.sql.AnalysisException: Cannot resolve column name "5.178" among (0, 5.178); did you mean to quote the `5.178` column?
	at org.apache.spark.sql.errors.QueryCompilationErrors$.cannotResolveColumnNameAmongFieldsError(QueryCompilationErrors.scala:2262)
	at org.apache.spark.sql.Dataset.org$apache$spark$sql$Dataset$$resolveException(Dataset.scala:258)
	at org.apache.spark.sql.Dataset.$anonfun$resolve$1(Dataset.scala:250)
	at scala.Option.getOrElse(Option.scala:201)
	at org.apache.spark.sql.Dataset.resolve(Dataset.scala:250)
	at org.apache.spark.sql.Dataset.col(Dataset.scala:1352)
	at org.apache.spark.sql.Dataset.apply(Dataset.scala:1319)
	at org.apache.spark.ml.feature.VectorAssembler.$anonfun$transform$7(VectorAssembler.scala:147)
	at scala.collection.ArrayOps$.map$extension(ArrayOps.scala:929)
	at org.apache.spark.ml.feature.VectorAssembler.transform(VectorAssembler.scala:145)
	at org.apache.spark.ml.PipelineModel.$anonfun$transform$4(Pipeline.scala:311)
	at org.apache.spark.ml.MLEvents.withTransformEvent(events.scala:146)
	at org.apache.spark.ml.MLEvents.withTransformEvent$(events.scala:139)
	at org.apache.spark.ml.util.Instrumentation.withTransformEvent(Instrumentation.scala:42)
	at org.apache.spark.ml.PipelineModel.$anonfun$transform$3(Pipeline.scala:311)
	at scala.collection.ArrayOps$.foldLeft$extension(ArrayOps.scala:779)
	at org.apache.spark.ml.PipelineModel.$anonfun$transform$2(Pipeline.scala:310)
	at org.apache.spark.ml.MLEvents.withTransformEvent(events.scala:146)
	at org.apache.spark.ml.MLEvents.withTransformEvent$(events.scala:139)
	at org.apache.spark.ml.util.Instrumentation.withTransformEvent(Instrumentation.scala:42)
	at org.apache.spark.ml.PipelineModel.$anonfun$transform$1(Pipeline.scala:308)
	at org.apache.spark.ml.util.Instrumentation$.$anonfun$instrumented$1(Instrumentation.scala:191)
	at scala.util.Try$.apply(Try.scala:210)
	at org.apache.spark.ml.util.Instrumentation$.instrumented(Instrumentation.scala:191)
	at org.apache.spark.ml.PipelineModel.transform(Pipeline.scala:307)
	at org.apache.spark.ml.feature.RFormulaModel.transform(RFormula.scala:353)
	at com.github.fyodiya.Day35Regression$.delayedEndpoint$com$github$fyodiya$Day35Regression$1(Day35Regression.scala:67)
	at com.github.fyodiya.Day35Regression$delayedInit$body.apply(Day35Regression.scala:9)
	at scala.Function0.apply$mcV$sp(Function0.scala:39)
	at scala.Function0.apply$mcV$sp$(Function0.scala:39)
	at scala.runtime.AbstractFunction0.apply$mcV$sp(AbstractFunction0.scala:17)
	at scala.App.$anonfun$main$1(App.scala:76)
	at scala.App.$anonfun$main$1$adapted(App.scala:76)
	at scala.collection.IterableOnceOps.foreach(IterableOnce.scala:563)
	at scala.collection.IterableOnceOps.foreach$(IterableOnce.scala:561)
	at scala.collection.AbstractIterable.foreach(Iterable.scala:926)
	at scala.App.main(App.scala:76)
	at scala.App.main$(App.scala:74)
	at com.github.fyodiya.Day35Regression$.main(Day35Regression.scala:9)
	at com.github.fyodiya.Day35Regression.main(Day35Regression.scala)

22/08/25 20:41:20 ERROR util.Instrumentation: org.apache.spark.sql.AnalysisException: Cannot resolve column name "5.499" among (0, 5.499); did you mean to quote the `5.499` column?
	at org.apache.spark.sql.errors.QueryCompilationErrors$.cannotResolveColumnNameAmongFieldsError(QueryCompilationErrors.scala:2262)
	at org.apache.spark.sql.Dataset.org$apache$spark$sql$Dataset$$resolveException(Dataset.scala:258)
	at org.apache.spark.sql.Dataset.$anonfun$resolve$1(Dataset.scala:250)
	at scala.Option.getOrElse(Option.scala:201)
	at org.apache.spark.sql.Dataset.resolve(Dataset.scala:250)
	at org.apache.spark.sql.Dataset.col(Dataset.scala:1352)
	at org.apache.spark.sql.Dataset.apply(Dataset.scala:1319)
	at org.apache.spark.ml.feature.VectorAssembler.$anonfun$transform$7(VectorAssembler.scala:147)
	at scala.collection.ArrayOps$.map$extension(ArrayOps.scala:929)
	at org.apache.spark.ml.feature.VectorAssembler.transform(VectorAssembler.scala:145)
	at org.apache.spark.ml.PipelineModel.$anonfun$transform$4(Pipeline.scala:311)
	at org.apache.spark.ml.MLEvents.withTransformEvent(events.scala:146)
	at org.apache.spark.ml.MLEvents.withTransformEvent$(events.scala:139)
	at org.apache.spark.ml.util.Instrumentation.withTransformEvent(Instrumentation.scala:42)
	at org.apache.spark.ml.PipelineModel.$anonfun$transform$3(Pipeline.scala:311)
	at scala.collection.ArrayOps$.foldLeft$extension(ArrayOps.scala:779)
	at org.apache.spark.ml.PipelineModel.$anonfun$transform$2(Pipeline.scala:310)
	at org.apache.spark.ml.MLEvents.withTransformEvent(events.scala:146)
	at org.apache.spark.ml.MLEvents.withTransformEvent$(events.scala:139)
	at org.apache.spark.ml.util.Instrumentation.withTransformEvent(Instrumentation.scala:42)
	at org.apache.spark.ml.PipelineModel.$anonfun$transform$1(Pipeline.scala:308)
	at org.apache.spark.ml.util.Instrumentation$.$anonfun$instrumented$1(Instrumentation.scala:191)
	at scala.util.Try$.apply(Try.scala:210)
	at org.apache.spark.ml.util.Instrumentation$.instrumented(Instrumentation.scala:191)
	at org.apache.spark.ml.PipelineModel.transform(Pipeline.scala:307)
	at org.apache.spark.ml.feature.RFormulaModel.transform(RFormula.scala:353)
	at com.github.fyodiya.Day35Regression$.delayedEndpoint$com$github$fyodiya$Day35Regression$1(Day35Regression.scala:67)
	at com.github.fyodiya.Day35Regression$delayedInit$body.apply(Day35Regression.scala:9)
	at scala.Function0.apply$mcV$sp(Function0.scala:39)
	at scala.Function0.apply$mcV$sp$(Function0.scala:39)
	at scala.runtime.AbstractFunction0.apply$mcV$sp(AbstractFunction0.scala:17)
	at scala.App.$anonfun$main$1(App.scala:76)
	at scala.App.$anonfun$main$1$adapted(App.scala:76)
	at scala.collection.IterableOnceOps.foreach(IterableOnce.scala:563)
	at scala.collection.IterableOnceOps.foreach$(IterableOnce.scala:561)
	at scala.collection.AbstractIterable.foreach(Iterable.scala:926)
	at scala.App.main(App.scala:76)
	at scala.App.main$(App.scala:74)
	at com.github.fyodiya.Day35Regression$.main(Day35Regression.scala:9)
	at com.github.fyodiya.Day35Regression.main(Day35Regression.scala)

22/08/25 20:44:09 WARN util.Instrumentation: [b8e5bb14] regParam is zero, which might cause numerical instability and overfitting.
22/08/25 20:44:09 WARN netlib.InstanceBuilder$NativeBLAS: Failed to load implementation from:dev.ludovic.netlib.blas.JNIBLAS
22/08/25 20:44:09 WARN netlib.InstanceBuilder$NativeBLAS: Failed to load implementation from:dev.ludovic.netlib.blas.ForeignLinkerBLAS
22/08/25 20:44:10 WARN netlib.InstanceBuilder$NativeLAPACK: Failed to load implementation from:dev.ludovic.netlib.lapack.JNILAPACK
22/08/25 20:44:11 WARN util.Instrumentation: [47e0869c] regParam is zero, which might cause numerical instability and overfitting.
22/08/25 20:44:11 WARN util.Instrumentation: [47e0869c] Cholesky solver failed due to singular covariance matrix. Retrying with Quasi-Newton solver.
22/08/25 20:45:17 WARN util.Instrumentation: [0d114fee] regParam is zero, which might cause numerical instability and overfitting.
22/08/25 20:45:17 WARN netlib.InstanceBuilder$NativeBLAS: Failed to load implementation from:dev.ludovic.netlib.blas.JNIBLAS
22/08/25 20:45:17 WARN netlib.InstanceBuilder$NativeBLAS: Failed to load implementation from:dev.ludovic.netlib.blas.ForeignLinkerBLAS
22/08/25 20:45:17 WARN netlib.InstanceBuilder$NativeLAPACK: Failed to load implementation from:dev.ludovic.netlib.lapack.JNILAPACK
22/08/25 20:55:33 WARN util.Instrumentation: [666885d8] regParam is zero, which might cause numerical instability and overfitting.
22/08/25 20:55:33 WARN netlib.InstanceBuilder$NativeBLAS: Failed to load implementation from:dev.ludovic.netlib.blas.JNIBLAS
22/08/25 20:55:33 WARN netlib.InstanceBuilder$NativeBLAS: Failed to load implementation from:dev.ludovic.netlib.blas.ForeignLinkerBLAS
22/08/25 20:55:33 WARN netlib.InstanceBuilder$NativeLAPACK: Failed to load implementation from:dev.ludovic.netlib.lapack.JNILAPACK
22/08/25 20:55:34 WARN util.Instrumentation: [445a64c9] regParam is zero, which might cause numerical instability and overfitting.
22/08/25 20:55:34 WARN util.Instrumentation: [445a64c9] Cholesky solver failed due to singular covariance matrix. Retrying with Quasi-Newton solver.
22/08/25 21:11:35 WARN util.Instrumentation: [ce365351] regParam is zero, which might cause numerical instability and overfitting.
22/08/25 21:11:35 WARN netlib.InstanceBuilder$NativeBLAS: Failed to load implementation from:dev.ludovic.netlib.blas.JNIBLAS
22/08/25 21:11:35 WARN netlib.InstanceBuilder$NativeBLAS: Failed to load implementation from:dev.ludovic.netlib.blas.ForeignLinkerBLAS
22/08/25 21:11:35 WARN netlib.InstanceBuilder$NativeLAPACK: Failed to load implementation from:dev.ludovic.netlib.lapack.JNILAPACK
22/08/25 21:11:37 WARN util.Instrumentation: [e5c56c78] regParam is zero, which might cause numerical instability and overfitting.
22/08/25 21:11:37 WARN util.Instrumentation: [e5c56c78] Cholesky solver failed due to singular covariance matrix. Retrying with Quasi-Newton solver.
22/08/25 21:18:24 WARN util.Instrumentation: [9c11afea] regParam is zero, which might cause numerical instability and overfitting.
22/08/25 21:18:24 WARN netlib.InstanceBuilder$NativeBLAS: Failed to load implementation from:dev.ludovic.netlib.blas.JNIBLAS
22/08/25 21:18:24 WARN netlib.InstanceBuilder$NativeBLAS: Failed to load implementation from:dev.ludovic.netlib.blas.ForeignLinkerBLAS
22/08/25 21:18:25 WARN netlib.InstanceBuilder$NativeLAPACK: Failed to load implementation from:dev.ludovic.netlib.lapack.JNILAPACK
22/08/25 21:18:26 WARN util.Instrumentation: [537c471c] regParam is zero, which might cause numerical instability and overfitting.
22/08/25 21:18:26 WARN util.Instrumentation: [537c471c] Cholesky solver failed due to singular covariance matrix. Retrying with Quasi-Newton solver.
22/08/25 21:28:17 WARN util.Instrumentation: [abda5527] regParam is zero, which might cause numerical instability and overfitting.
22/08/25 21:28:17 WARN netlib.InstanceBuilder$NativeBLAS: Failed to load implementation from:dev.ludovic.netlib.blas.JNIBLAS
22/08/25 21:28:17 WARN netlib.InstanceBuilder$NativeBLAS: Failed to load implementation from:dev.ludovic.netlib.blas.ForeignLinkerBLAS
22/08/25 21:28:17 WARN netlib.InstanceBuilder$NativeLAPACK: Failed to load implementation from:dev.ludovic.netlib.lapack.JNILAPACK
22/08/25 21:28:18 WARN util.Instrumentation: [771d4c57] regParam is zero, which might cause numerical instability and overfitting.
22/08/25 21:28:18 WARN util.Instrumentation: [771d4c57] Cholesky solver failed due to singular covariance matrix. Retrying with Quasi-Newton solver.
22/08/25 21:31:12 WARN util.Instrumentation: [dfa40101] regParam is zero, which might cause numerical instability and overfitting.
22/08/25 21:31:12 WARN netlib.InstanceBuilder$NativeBLAS: Failed to load implementation from:dev.ludovic.netlib.blas.JNIBLAS
22/08/25 21:31:12 WARN netlib.InstanceBuilder$NativeBLAS: Failed to load implementation from:dev.ludovic.netlib.blas.ForeignLinkerBLAS
22/08/25 21:31:12 WARN netlib.InstanceBuilder$NativeLAPACK: Failed to load implementation from:dev.ludovic.netlib.lapack.JNILAPACK
22/08/25 21:31:14 WARN util.Instrumentation: [b4160002] regParam is zero, which might cause numerical instability and overfitting.
22/08/25 21:31:14 WARN util.Instrumentation: [b4160002] Cholesky solver failed due to singular covariance matrix. Retrying with Quasi-Newton solver.
22/08/25 21:36:41 WARN util.Instrumentation: [c5401938] regParam is zero, which might cause numerical instability and overfitting.
22/08/25 21:36:41 WARN netlib.InstanceBuilder$NativeBLAS: Failed to load implementation from:dev.ludovic.netlib.blas.JNIBLAS
22/08/25 21:36:41 WARN netlib.InstanceBuilder$NativeBLAS: Failed to load implementation from:dev.ludovic.netlib.blas.ForeignLinkerBLAS
22/08/25 21:36:41 WARN netlib.InstanceBuilder$NativeLAPACK: Failed to load implementation from:dev.ludovic.netlib.lapack.JNILAPACK
22/08/25 21:36:42 WARN util.Instrumentation: [f24583b5] regParam is zero, which might cause numerical instability and overfitting.
22/08/25 21:36:42 WARN util.Instrumentation: [f24583b5] Cholesky solver failed due to singular covariance matrix. Retrying with Quasi-Newton solver.
22/08/25 21:36:43 WARN util.Instrumentation: [e5b9729e] regParam is zero, which might cause numerical instability and overfitting.
22/08/25 21:36:43 WARN util.Instrumentation: [e5b9729e] Cholesky solver failed due to singular covariance matrix. Retrying with Quasi-Newton solver.
22/08/25 21:36:59 WARN util.Instrumentation: [9b2790ed] regParam is zero, which might cause numerical instability and overfitting.
22/08/25 21:36:59 WARN netlib.InstanceBuilder$NativeBLAS: Failed to load implementation from:dev.ludovic.netlib.blas.JNIBLAS
22/08/25 21:36:59 WARN netlib.InstanceBuilder$NativeBLAS: Failed to load implementation from:dev.ludovic.netlib.blas.ForeignLinkerBLAS
22/08/25 21:36:59 WARN netlib.InstanceBuilder$NativeLAPACK: Failed to load implementation from:dev.ludovic.netlib.lapack.JNILAPACK
22/08/25 21:37:00 WARN util.Instrumentation: [4c5e42d0] regParam is zero, which might cause numerical instability and overfitting.
22/08/25 21:37:00 WARN util.Instrumentation: [4c5e42d0] Cholesky solver failed due to singular covariance matrix. Retrying with Quasi-Newton solver.
22/08/25 21:37:02 WARN util.Instrumentation: [b6148b44] regParam is zero, which might cause numerical instability and overfitting.
22/08/25 21:37:02 WARN util.Instrumentation: [b6148b44] Cholesky solver failed due to singular covariance matrix. Retrying with Quasi-Newton solver.
22/08/25 22:43:36 WARN util.Instrumentation: [d91b4c69] regParam is zero, which might cause numerical instability and overfitting.
22/08/25 22:43:37 WARN netlib.InstanceBuilder$NativeBLAS: Failed to load implementation from:dev.ludovic.netlib.blas.JNIBLAS
22/08/25 22:43:37 WARN netlib.InstanceBuilder$NativeBLAS: Failed to load implementation from:dev.ludovic.netlib.blas.ForeignLinkerBLAS
22/08/25 22:43:37 WARN netlib.InstanceBuilder$NativeLAPACK: Failed to load implementation from:dev.ludovic.netlib.lapack.JNILAPACK
22/08/25 22:43:38 WARN util.Instrumentation: [ec9b425c] regParam is zero, which might cause numerical instability and overfitting.
22/08/25 22:43:38 WARN util.Instrumentation: [ec9b425c] Cholesky solver failed due to singular covariance matrix. Retrying with Quasi-Newton solver.
22/08/25 22:43:39 WARN util.Instrumentation: [cd047bb3] regParam is zero, which might cause numerical instability and overfitting.
22/08/25 22:43:39 WARN util.Instrumentation: [cd047bb3] Cholesky solver failed due to singular covariance matrix. Retrying with Quasi-Newton solver.
22/08/25 22:43:41 WARN executor.ProcfsMetricsGetter: Exception when trying to compute pagesize, as a result reporting of ProcessTree metrics is stopped
22/08/26 22:26:22 WARN util.package: Truncated the string representation of a plan since it was too large. This behavior can be adjusted by setting 'spark.sql.debug.maxToStringFields'.
22/08/26 22:32:34 ERROR util.Instrumentation: java.lang.IllegalArgumentException: features does not exist. Available: petal_width, petal_height, sepal_width, sepal_height, irisType
	at org.apache.spark.sql.types.StructType.$anonfun$apply$1(StructType.scala:278)
	at scala.collection.immutable.HashMap.getOrElse(HashMap.scala:683)
	at org.apache.spark.sql.types.StructType.apply(StructType.scala:277)
	at org.apache.spark.ml.util.SchemaUtils$.checkColumnTypes(SchemaUtils.scala:59)
	at org.apache.spark.ml.util.SchemaUtils$.validateVectorCompatibleColumn(SchemaUtils.scala:205)
	at org.apache.spark.ml.clustering.KMeansParams.validateAndTransformSchema(KMeans.scala:98)
	at org.apache.spark.ml.clustering.KMeansParams.validateAndTransformSchema$(KMeans.scala:97)
	at org.apache.spark.ml.clustering.KMeans.validateAndTransformSchema(KMeans.scala:272)
	at org.apache.spark.ml.clustering.KMeans.transformSchema(KMeans.scala:372)
	at org.apache.spark.ml.PipelineStage.transformSchema(Pipeline.scala:71)
	at org.apache.spark.ml.clustering.KMeans.$anonfun$fit$1(KMeans.scala:330)
	at org.apache.spark.ml.util.Instrumentation$.$anonfun$instrumented$1(Instrumentation.scala:191)
	at scala.util.Try$.apply(Try.scala:210)
	at org.apache.spark.ml.util.Instrumentation$.instrumented(Instrumentation.scala:191)
	at org.apache.spark.ml.clustering.KMeans.fit(KMeans.scala:329)
	at com.github.fyodiya.Clustering$.delayedEndpoint$com$github$fyodiya$Clustering$1(Clustering.scala:42)
	at com.github.fyodiya.Clustering$delayedInit$body.apply(Clustering.scala:6)
	at scala.Function0.apply$mcV$sp(Function0.scala:39)
	at scala.Function0.apply$mcV$sp$(Function0.scala:39)
	at scala.runtime.AbstractFunction0.apply$mcV$sp(AbstractFunction0.scala:17)
	at scala.App.$anonfun$main$1(App.scala:76)
	at scala.App.$anonfun$main$1$adapted(App.scala:76)
	at scala.collection.IterableOnceOps.foreach(IterableOnce.scala:563)
	at scala.collection.IterableOnceOps.foreach$(IterableOnce.scala:561)
	at scala.collection.AbstractIterable.foreach(Iterable.scala:926)
	at scala.App.main(App.scala:76)
	at scala.App.main$(App.scala:74)
	at com.github.fyodiya.Clustering$.main(Clustering.scala:6)
	at com.github.fyodiya.Clustering.main(Clustering.scala)

22/08/26 22:59:40 WARN executor.ProcfsMetricsGetter: Exception when trying to compute pagesize, as a result reporting of ProcessTree metrics is stopped
22/08/27 10:10:09 WARN executor.ProcfsMetricsGetter: Exception when trying to compute pagesize, as a result reporting of ProcessTree metrics is stopped
22/08/27 10:13:01 WARN executor.ProcfsMetricsGetter: Exception when trying to compute pagesize, as a result reporting of ProcessTree metrics is stopped
22/08/27 10:34:41 WARN executor.ProcfsMetricsGetter: Exception when trying to compute pagesize, as a result reporting of ProcessTree metrics is stopped
22/08/27 10:36:43 WARN executor.ProcfsMetricsGetter: Exception when trying to compute pagesize, as a result reporting of ProcessTree metrics is stopped
22/08/27 10:40:18 WARN executor.ProcfsMetricsGetter: Exception when trying to compute pagesize, as a result reporting of ProcessTree metrics is stopped
